<adapter-request>
    <target-adapter>responseAdapter</target-adapter>
    <peer-location>
        <location>this</location>
        <peer-name/>
    </peer-location>
    <request-action>logout</request-action>
    <request-data>
        <logout>
            <qsi>dm2q</qsi>
            <ticket>0C4F7501U1143U5955UDC8C1EB43B06C988</ticket>
        </logout>
    </request-data>
</adapter-request>
