<adapter-request>
    <target-adapter>responseAdapter</target-adapter>
    <peer-location>
        <location>this</location>
        <peer-name/>
    </peer-location>
    <request-action>get</request-action>
    <request-data>
        <create>
            <qsi>dm2q</qsi>
            <ticket>0C4F7501U1143U5955UDC8C1EB43B06C988</ticket>
            <class>11607</class>
            <record>69</record>
        </create>
    </request-data>
</adapter-request>
