<adapter-request>
    <target-adapter>responseAdapter</target-adapter>
    <peer-location>
        <location>this</location>
        <peer-name/>
    </peer-location>
    <request-action>update</request-action>
    <request-data>
        <update>
            <qsi>dm2q</qsi>
            <ticket>0C4F7501U1143U5955UDC8C1EB43B06C988</ticket>
            <class>11614</class>
            <item>
                <record>69</record>
                <status>9</status>
                <notes>
                    <note>blah</note>
                </notes>
                <fields/>
            </item>
        </update>
    </request-data>
</adapter-request>
