<adapter-request>
    <target-adapter>responseAdapter</target-adapter>
    <peer-location>
        <location>this</location>
        <peer-name/>
    </peer-location>
    <request-action>serverLogin</request-action>
    <request-data>
        <credentials>
          <qsi>dm2q</qsi>
          <username>cdale1234@windwardits.com</username>
            <password>Rilda411</password>
        </credentials>
    </request-data>
</adapter-request>
