<adapter-request>
    <target-adapter>responseAdapter</target-adapter>
    <peer-location>
        <location>this</location>
        <peer-name/>
    </peer-location>
    <request-action>update</request-action>
    <request-data>
        <update>
            <qsi>dm2q</qsi>
            <ticket>0C4F7501U1143U5955UDC8C1EB43B06C988</ticket>
            <class-id>11614</class-id>
            <record-id>69</record-id>
            <status>9</status>
            <notes>
                <note>blah</note>
            </notes>
            <item/>
        </update>
    </request-data>
</adapter-request>
