<adapter id="qboss">
    <name>QBOS</name>
    <adapter-implementation-descriptor>
        <adapter-type>qboss-adapter</adapter-type>
        <adapter-version>1.0</adapter-version>
    </adapter-implementation-descriptor>
    <config>
        <compact-xml>true</compact-xml>
    </config>
</adapter>